<?xml version="1.0" encoding="UTF-8"?>
<!-- Generated by org.testng.reporters.JUnitReportReporter -->
<testsuite hostname="Arifuls-MBP.lan" failures="0" tests="1" name="practice.DefaultValue" time="0.003" errors="0" timestamp="2023-01-25T22:15:05 EST" skipped="0">
  <testcase classname="practice.DefaultValue" name="defaultValue" time="0.003"/>
  <system-out/>
</testsuite> <!-- practice.DefaultValue -->
