<?xml version="1.0" encoding="UTF-8"?>
<!-- Generated by org.testng.reporters.JUnitReportReporter -->
<testsuite hostname="Arifuls-MBP.lan" failures="0" tests="1" name="pagesTest.HomepageTest" time="47.664" errors="0" timestamp="2023-01-25T21:08:47 EST" skipped="0">
  <testcase classname="pagesTest.HomepageTest" name="homepageTesting" time="47.664"/>
  <system-out/>
</testsuite> <!-- pagesTest.HomepageTest -->
